This is pdfTeX, Version 3.14159265-2.6-1.40.17 (TeX Live 2016) (preloaded format=pdflatex 2016.5.22)  10 MAR 2017 17:49
entering extended mode
 restricted \write18 enabled.
 file:line:error style messages enabled.
 %&-line parsing enabled.
**homework2.tex
(./homework2.tex
LaTeX2e <2016/03/31>
Babel <3.9r> and hyphenation patterns for 83 language(s) loaded.
(/usr/local/texlive/2016/texmf-dist/tex/latex/base/article.cls
Document Class: article 2014/09/29 v1.4h Standard LaTeX document class
(/usr/local/texlive/2016/texmf-dist/tex/latex/base/size12.clo
File: size12.clo 2014/09/29 v1.4h Standard LaTeX file (size option)
)
\c@part=\count79
\c@section=\count80
\c@subsection=\count81
\c@subsubsection=\count82
\c@paragraph=\count83
\c@subparagraph=\count84
\c@figure=\count85
\c@table=\count86
\abovecaptionskip=\skip41
\belowcaptionskip=\skip42
\bibindent=\dimen102
)
(/usr/local/texlive/2016/texmf-dist/tex/latex/geometry/geometry.sty
Package: geometry 2010/09/12 v5.6 Page Geometry

(/usr/local/texlive/2016/texmf-dist/tex/latex/graphics/keyval.sty
Package: keyval 2014/10/28 v1.15 key=value parser (DPC)
\KV@toks@=\toks14
)
(/usr/local/texlive/2016/texmf-dist/tex/generic/oberdiek/ifpdf.sty
Package: ifpdf 2016/05/14 v3.1 Provides the ifpdf switch
)
(/usr/local/texlive/2016/texmf-dist/tex/generic/oberdiek/ifvtex.sty
Package: ifvtex 2016/05/16 v1.6 Detect VTeX and its facilities (HO)
Package ifvtex Info: VTeX not detected.
)
(/usr/local/texlive/2016/texmf-dist/tex/generic/ifxetex/ifxetex.sty
Package: ifxetex 2010/09/12 v0.6 Provides ifxetex conditional
)
\Gm@cnth=\count87
\Gm@cntv=\count88
\c@Gm@tempcnt=\count89
\Gm@bindingoffset=\dimen103
\Gm@wd@mp=\dimen104
\Gm@odd@mp=\dimen105
\Gm@even@mp=\dimen106
\Gm@layoutwidth=\dimen107
\Gm@layoutheight=\dimen108
\Gm@layouthoffset=\dimen109
\Gm@layoutvoffset=\dimen110
\Gm@dimlist=\toks15
)
(/usr/local/texlive/2016/texmf-dist/tex/latex/amsmath/amsmath.sty
Package: amsmath 2016/03/10 v2.15b AMS math features
\@mathmargin=\skip43

For additional information on amsmath, use the `?' option.
(/usr/local/texlive/2016/texmf-dist/tex/latex/amsmath/amstext.sty
Package: amstext 2000/06/29 v2.01 AMS text

(/usr/local/texlive/2016/texmf-dist/tex/latex/amsmath/amsgen.sty
File: amsgen.sty 1999/11/30 v2.0 generic functions
\@emptytoks=\toks16
\ex@=\dimen111
))
(/usr/local/texlive/2016/texmf-dist/tex/latex/amsmath/amsbsy.sty
Package: amsbsy 1999/11/29 v1.2d Bold Symbols
\pmbraise@=\dimen112
)
(/usr/local/texlive/2016/texmf-dist/tex/latex/amsmath/amsopn.sty
Package: amsopn 2016/03/08 v2.02 operator names
)
\inf@bad=\count90
LaTeX Info: Redefining \frac on input line 199.
\uproot@=\count91
\leftroot@=\count92
LaTeX Info: Redefining \overline on input line 297.
\classnum@=\count93
\DOTSCASE@=\count94
LaTeX Info: Redefining \ldots on input line 394.
LaTeX Info: Redefining \dots on input line 397.
LaTeX Info: Redefining \cdots on input line 518.
\Mathstrutbox@=\box26
\strutbox@=\box27
\big@size=\dimen113
LaTeX Font Info:    Redeclaring font encoding OML on input line 634.
LaTeX Font Info:    Redeclaring font encoding OMS on input line 635.
\macc@depth=\count95
\c@MaxMatrixCols=\count96
\dotsspace@=\muskip10
\c@parentequation=\count97
\dspbrk@lvl=\count98
\tag@help=\toks17
\row@=\count99
\column@=\count100
\maxfields@=\count101
\andhelp@=\toks18
\eqnshift@=\dimen114
\alignsep@=\dimen115
\tagshift@=\dimen116
\tagwidth@=\dimen117
\totwidth@=\dimen118
\lineht@=\dimen119
\@envbody=\toks19
\multlinegap=\skip44
\multlinetaggap=\skip45
\mathdisplay@stack=\toks20
LaTeX Info: Redefining \[ on input line 2739.
LaTeX Info: Redefining \] on input line 2740.
)
(/usr/local/texlive/2016/texmf-dist/tex/latex/amscls/amsthm.sty
Package: amsthm 2015/03/04 v2.20.2
\thm@style=\toks21
\thm@bodyfont=\toks22
\thm@headfont=\toks23
\thm@notefont=\toks24
\thm@headpunct=\toks25
\thm@preskip=\skip46
\thm@postskip=\skip47
\thm@headsep=\skip48
\dth@everypar=\toks26
)
(/usr/local/texlive/2016/texmf-dist/tex/latex/amsfonts/amssymb.sty
Package: amssymb 2013/01/14 v3.01 AMS font symbols

(/usr/local/texlive/2016/texmf-dist/tex/latex/amsfonts/amsfonts.sty
Package: amsfonts 2013/01/14 v3.01 Basic AMSFonts support
\symAMSa=\mathgroup4
\symAMSb=\mathgroup5
LaTeX Font Info:    Overwriting math alphabet `\mathfrak' in version `bold'
(Font)                  U/euf/m/n --> U/euf/b/n on input line 106.
))
(/usr/local/texlive/2016/texmf-dist/tex/latex/listings/listings.sty
\lst@mode=\count102
\lst@gtempboxa=\box28
\lst@token=\toks27
\lst@length=\count103
\lst@currlwidth=\dimen120
\lst@column=\count104
\lst@pos=\count105
\lst@lostspace=\dimen121
\lst@width=\dimen122
\lst@newlines=\count106
\lst@lineno=\count107
\lst@maxwidth=\dimen123

(/usr/local/texlive/2016/texmf-dist/tex/latex/listings/lstmisc.sty
File: lstmisc.sty 2015/06/04 1.6 (Carsten Heinz)
\c@lstnumber=\count108
\lst@skipnumbers=\count109
\lst@framebox=\box29
)
(/usr/local/texlive/2016/texmf-dist/tex/latex/listings/listings.cfg
File: listings.cfg 2015/06/04 1.6 listings configuration
))
Package: listings 2015/06/04 1.6 (Carsten Heinz)

(/usr/local/texlive/2016/texmf-dist/tex/latex/graphics/graphicx.sty
Package: graphicx 2014/10/28 v1.0g Enhanced LaTeX Graphics (DPC,SPQR)

(/usr/local/texlive/2016/texmf-dist/tex/latex/graphics/graphics.sty
Package: graphics 2016/05/09 v1.0r Standard LaTeX Graphics (DPC,SPQR)

(/usr/local/texlive/2016/texmf-dist/tex/latex/graphics/trig.sty
Package: trig 2016/01/03 v1.10 sin cos tan (DPC)
)
(/usr/local/texlive/2016/texmf-dist/tex/latex/graphics-cfg/graphics.cfg
File: graphics.cfg 2016/01/02 v1.10 sample graphics configuration
)
Package graphics Info: Driver file: pdftex.def on input line 96.

(/usr/local/texlive/2016/texmf-dist/tex/latex/pdftex-def/pdftex.def
File: pdftex.def 2011/05/27 v0.06d Graphics/color for pdfTeX

(/usr/local/texlive/2016/texmf-dist/tex/generic/oberdiek/infwarerr.sty
Package: infwarerr 2016/05/16 v1.4 Providing info/warning/error messages (HO)
)
(/usr/local/texlive/2016/texmf-dist/tex/generic/oberdiek/ltxcmds.sty
Package: ltxcmds 2016/05/16 v1.23 LaTeX kernel commands for general use (HO)
)
\Gread@gobject=\count110
))
\Gin@req@height=\dimen124
\Gin@req@width=\dimen125
)
(/usr/local/texlive/2016/texmf-dist/tex/latex/booktabs/booktabs.sty
Package: booktabs 2016/04/27 v1.618033 publication quality tables
\heavyrulewidth=\dimen126
\lightrulewidth=\dimen127
\cmidrulewidth=\dimen128
\belowrulesep=\dimen129
\belowbottomsep=\dimen130
\aboverulesep=\dimen131
\abovetopsep=\dimen132
\cmidrulesep=\dimen133
\cmidrulekern=\dimen134
\defaultaddspace=\dimen135
\@cmidla=\count111
\@cmidlb=\count112
\@aboverulesep=\dimen136
\@belowrulesep=\dimen137
\@thisruleclass=\count113
\@lastruleclass=\count114
\@thisrulewidth=\dimen138
)
(/usr/local/texlive/2016/texmf-dist/tex/latex/float/float.sty
Package: float 2001/11/08 v1.3d Float enhancements (AL)
\c@float@type=\count115
\float@exts=\toks28
\float@box=\box30
\@float@everytoks=\toks29
\@floatcapt=\box31
)
(/usr/local/texlive/2016/texmf-dist/tex/latex/caption/subcaption.sty
Package: subcaption 2016/02/20 v1.1-142 Sub-captions (AR)

(/usr/local/texlive/2016/texmf-dist/tex/latex/caption/caption.sty
Package: caption 2016/02/21 v3.3-144 Customizing captions (AR)

(/usr/local/texlive/2016/texmf-dist/tex/latex/caption/caption3.sty
Package: caption3 2016/02/04 v1.7-139 caption3 kernel (AR)
Package caption3 Info: TeX engine: e-TeX on input line 67.
\captionmargin=\dimen139
\captionmargin@=\dimen140
\captionwidth=\dimen141
\caption@tempdima=\dimen142
\caption@indent=\dimen143
\caption@parindent=\dimen144
\caption@hangindent=\dimen145
)
\c@ContinuedFloat=\count116
Package caption Info: float package is loaded.
Package caption Info: listings package is loaded.
)
\c@subfigure=\count117
\c@subtable=\count118
)
(./homework2.aux

LaTeX Warning: Label `label' multiply defined.


LaTeX Warning: Label `label' multiply defined.


LaTeX Warning: Label `label' multiply defined.


LaTeX Warning: Label `label' multiply defined.


LaTeX Warning: Label `label' multiply defined.


LaTeX Warning: Label `label' multiply defined.


LaTeX Warning: Label `label' multiply defined.


LaTeX Warning: Label `label' multiply defined.


LaTeX Warning: Label `label' multiply defined.


LaTeX Warning: Label `label' multiply defined.


LaTeX Warning: Label `label' multiply defined.


LaTeX Warning: Label `label' multiply defined.


LaTeX Warning: Label `label' multiply defined.


LaTeX Warning: Label `label' multiply defined.


LaTeX Warning: Label `label' multiply defined.


LaTeX Warning: Label `label' multiply defined.


LaTeX Warning: Label `label' multiply defined.


LaTeX Warning: Label `label' multiply defined.


LaTeX Warning: Label `label' multiply defined.


LaTeX Warning: Label `label' multiply defined.


LaTeX Warning: Label `label' multiply defined.


LaTeX Warning: Label `label' multiply defined.


LaTeX Warning: Label `label' multiply defined.


LaTeX Warning: Label `label' multiply defined.

)
\openout1 = `homework2.aux'.

LaTeX Font Info:    Checking defaults for OML/cmm/m/it on input line 31.
LaTeX Font Info:    ... okay on input line 31.
LaTeX Font Info:    Checking defaults for T1/cmr/m/n on input line 31.
LaTeX Font Info:    ... okay on input line 31.
LaTeX Font Info:    Checking defaults for OT1/cmr/m/n on input line 31.
LaTeX Font Info:    ... okay on input line 31.
LaTeX Font Info:    Checking defaults for OMS/cmsy/m/n on input line 31.
LaTeX Font Info:    ... okay on input line 31.
LaTeX Font Info:    Checking defaults for OMX/cmex/m/n on input line 31.
LaTeX Font Info:    ... okay on input line 31.
LaTeX Font Info:    Checking defaults for U/cmr/m/n on input line 31.
LaTeX Font Info:    ... okay on input line 31.

*geometry* driver: auto-detecting
*geometry* detected driver: pdftex
*geometry* verbose mode - [ preamble ] result:
* driver: pdftex
* paper: <default>
* layout: <same size as paper>
* layoutoffset:(h,v)=(0.0pt,0.0pt)
* modes: 
* h-part:(L,W,R)=(72.26999pt, 469.75502pt, 72.26999pt)
* v-part:(T,H,B)=(72.26999pt, 650.43001pt, 72.26999pt)
* \paperwidth=614.295pt
* \paperheight=794.96999pt
* \textwidth=469.75502pt
* \textheight=650.43001pt
* \oddsidemargin=0.0pt
* \evensidemargin=0.0pt
* \topmargin=-37.0pt
* \headheight=12.0pt
* \headsep=25.0pt
* \topskip=12.0pt
* \footskip=30.0pt
* \marginparwidth=44.0pt
* \marginparsep=10.0pt
* \columnsep=10.0pt
* \skip\footins=10.8pt plus 4.0pt minus 2.0pt
* \hoffset=0.0pt
* \voffset=0.0pt
* \mag=1000
* \@twocolumnfalse
* \@twosidefalse
* \@mparswitchfalse
* \@reversemarginfalse
* (1in=72.27pt=25.4mm, 1cm=28.453pt)

\c@lstlisting=\count119
(/usr/local/texlive/2016/texmf-dist/tex/context/base/mkii/supp-pdf.mkii
[Loading MPS to PDF converter (version 2006.09.02).]
\scratchcounter=\count120
\scratchdimen=\dimen146
\scratchbox=\box32
\nofMPsegments=\count121
\nofMParguments=\count122
\everyMPshowfont=\toks30
\MPscratchCnt=\count123
\MPscratchDim=\dimen147
\MPnumerator=\count124
\makeMPintoPDFobject=\count125
\everyMPtoPDFconversion=\toks31
) (/usr/local/texlive/2016/texmf-dist/tex/generic/oberdiek/pdftexcmds.sty
Package: pdftexcmds 2016/05/10 v0.21 Utility functions of pdfTeX for LuaTeX (HO
)

(/usr/local/texlive/2016/texmf-dist/tex/generic/oberdiek/ifluatex.sty
Package: ifluatex 2016/05/16 v1.4 Provides the ifluatex switch (HO)
Package ifluatex Info: LuaTeX not detected.
)
Package pdftexcmds Info: LuaTeX not detected.
Package pdftexcmds Info: \pdf@primitive is available.
Package pdftexcmds Info: \pdf@ifprimitive is available.
Package pdftexcmds Info: \pdfdraftmode found.
)
(/usr/local/texlive/2016/texmf-dist/tex/latex/oberdiek/epstopdf-base.sty
Package: epstopdf-base 2016/05/15 v2.6 Base part for package epstopdf

(/usr/local/texlive/2016/texmf-dist/tex/latex/oberdiek/grfext.sty
Package: grfext 2016/05/16 v1.2 Manage graphics extensions (HO)

(/usr/local/texlive/2016/texmf-dist/tex/generic/oberdiek/kvdefinekeys.sty
Package: kvdefinekeys 2016/05/16 v1.4 Define keys (HO)
))
(/usr/local/texlive/2016/texmf-dist/tex/latex/oberdiek/kvoptions.sty
Package: kvoptions 2016/05/16 v3.12 Key value format for package options (HO)

(/usr/local/texlive/2016/texmf-dist/tex/generic/oberdiek/kvsetkeys.sty
Package: kvsetkeys 2016/05/16 v1.17 Key value parser (HO)

(/usr/local/texlive/2016/texmf-dist/tex/generic/oberdiek/etexcmds.sty
Package: etexcmds 2016/05/16 v1.6 Avoid name clashes with e-TeX commands (HO)
Package etexcmds Info: Could not find \expanded.
(etexcmds)             That can mean that you are not using pdfTeX 1.50 or
(etexcmds)             that some package has redefined \expanded.
(etexcmds)             In the latter case, load this package earlier.
)))
Package grfext Info: Graphics extension search list:
(grfext)             [.png,.pdf,.jpg,.mps,.jpeg,.jbig2,.jb2,.PNG,.PDF,.JPG,.JPE
G,.JBIG2,.JB2,.eps]
(grfext)             \AppendGraphicsExtensions on input line 456.

(/usr/local/texlive/2016/texmf-dist/tex/latex/latexconfig/epstopdf-sys.cfg
File: epstopdf-sys.cfg 2010/07/13 v1.3 Configuration of (r)epstopdf for TeX Liv
e
))
Package caption Info: Begin \AtBeginDocument code.
Package caption Info: End \AtBeginDocument code.
LaTeX Font Info:    Try loading font information for U+msa on input line 37.

(/usr/local/texlive/2016/texmf-dist/tex/latex/amsfonts/umsa.fd
File: umsa.fd 2013/01/14 v3.01 AMS symbols A
)
LaTeX Font Info:    Try loading font information for U+msb on input line 37.

(/usr/local/texlive/2016/texmf-dist/tex/latex/amsfonts/umsb.fd
File: umsb.fd 2013/01/14 v3.01 AMS symbols B
)
(/usr/local/texlive/2016/texmf-dist/tex/latex/listings/lstlang1.sty
File: lstlang1.sty 2015/06/04 1.6 listings language file
)
LaTeX Font Info:    Try loading font information for OMS+cmr on input line 42.

(/usr/local/texlive/2016/texmf-dist/tex/latex/base/omscmr.fd
File: omscmr.fd 2014/09/29 v2.5h Standard LaTeX font definitions
)
LaTeX Font Info:    Font shape `OMS/cmr/m/n' in size <12> not available
(Font)              Font shape `OMS/cmsy/m/n' tried instead on input line 42.

<figures/p1_f16.png, id=1, 578.16pt x 433.62pt>
File: figures/p1_f16.png Graphic file (type png)
 <use figures/p1_f16.png>
Package pdftex.def Info: figures/p1_f16.png used on input line 50.
(pdftex.def)             Requested size: 375.79955pt x 281.84966pt.

Underfull \hbox (badness 10000) in paragraph at lines 44--53

 []


Underfull \hbox (badness 10000) in paragraph at lines 44--53

 []

<figures/p1_f32.png, id=3, 578.16pt x 433.62pt>
File: figures/p1_f32.png Graphic file (type png)
 <use figures/p1_f32.png>
Package pdftex.def Info: figures/p1_f32.png used on input line 56.
(pdftex.def)             Requested size: 375.79955pt x 281.84966pt.

<figures/p1_f64.png, id=4, 578.16pt x 433.62pt>
File: figures/p1_f64.png Graphic file (type png)
 <use figures/p1_f64.png>
Package pdftex.def Info: figures/p1_f64.png used on input line 62.
(pdftex.def)             Requested size: 375.79955pt x 281.84966pt.

[1

{/usr/local/texlive/2016/texmf-var/fonts/map/pdftex/updmap/pdftex.map} <./figur
es/p1_f16.png>] <figures/p2b_n10.png, id=18, 722.7pt x 433.62pt>
File: figures/p2b_n10.png Graphic file (type png)

<use figures/p2b_n10.png>
Package pdftex.def Info: figures/p2b_n10.png used on input line 85.
(pdftex.def)             Requested size: 469.74944pt x 281.84966pt.

Underfull \hbox (badness 10000) in paragraph at lines 69--88

 []


Underfull \hbox (badness 10000) in paragraph at lines 69--88

 []


Underfull \hbox (badness 10000) in paragraph at lines 69--88

 []


Underfull \hbox (badness 10000) in paragraph at lines 69--88

 []


Underfull \hbox (badness 10000) in paragraph at lines 69--88

 []

[2 <./figures/p1_f32.png> <./figures/p1_f64.png>]
<figures/p2b_n25.png, id=24, 722.7pt x 433.62pt>
File: figures/p2b_n25.png Graphic file (type png)
 <use figures/p2b_n25.png>
Package pdftex.def Info: figures/p2b_n25.png used on input line 91.
(pdftex.def)             Requested size: 469.74944pt x 281.84966pt.

<figures/p2b_n50.png, id=25, 722.7pt x 433.62pt>
File: figures/p2b_n50.png Graphic file (type png)
 <use figures/p2b_n50.png>
Package pdftex.def Info: figures/p2b_n50.png used on input line 97.
(pdftex.def)             Requested size: 469.74944pt x 281.84966pt.

[3 <./figures/p2b_n10.png>] <figures/p2b_n100.png, id=32, 722.7pt x 433.62pt>
File: figures/p2b_n100.png Graphic file (type png)

<use figures/p2b_n100.png>
Package pdftex.def Info: figures/p2b_n100.png used on input line 103.
(pdftex.def)             Requested size: 469.74944pt x 281.84966pt.
 [4 <./figures/p2b_n25.png> <./figures/p2b_n50.png>]
<figures/p2c_fixed_dt.png, id=38, 578.16pt x 433.62pt>
File: figures/p2c_fixed_dt.png Graphic file (type png)

<use figures/p2c_fixed_dt.png>
Package pdftex.def Info: figures/p2c_fixed_dt.png used on input line 112.
(pdftex.def)             Requested size: 375.79955pt x 281.84966pt.

Underfull \hbox (badness 10000) in paragraph at lines 107--115

 []

[5 <./figures/p2b_n100.png>]
<figures/p2c_fixed_dx.png, id=43, 578.16pt x 433.62pt>
File: figures/p2c_fixed_dx.png Graphic file (type png)

<use figures/p2c_fixed_dx.png>
Package pdftex.def Info: figures/p2c_fixed_dx.png used on input line 119.
(pdftex.def)             Requested size: 375.79955pt x 281.84966pt.

Underfull \hbox (badness 10000) in paragraph at lines 116--122

 []

[6 <./figures/p2c_fixed_dt.png>]
<figures/p2d_1st_cn.png, id=48, 578.16pt x 433.62pt>
File: figures/p2d_1st_cn.png Graphic file (type png)

<use figures/p2d_1st_cn.png>
Package pdftex.def Info: figures/p2d_1st_cn.png used on input line 127.
(pdftex.def)             Requested size: 289.07928pt x 216.80946pt.

Underfull \hbox (badness 10000) in paragraph at lines 123--130

 []

<figures/p2d_u1st_ee.png, id=49, 578.16pt x 433.62pt>
File: figures/p2d_u1st_ee.png Graphic file (type png)

<use figures/p2d_u1st_ee.png>
Package pdftex.def Info: figures/p2d_u1st_ee.png used on input line 133.
(pdftex.def)             Requested size: 289.07928pt x 216.80946pt.

<figures/p2d_u2nd_cn.png, id=50, 578.16pt x 433.62pt>
File: figures/p2d_u2nd_cn.png Graphic file (type png)

<use figures/p2d_u2nd_cn.png>
Package pdftex.def Info: figures/p2d_u2nd_cn.png used on input line 139.
(pdftex.def)             Requested size: 289.07928pt x 216.80946pt.
 [7 <./figures/p2c_fixed_dx.png> <./figures/p2d_1st_cn.png>] <figures/p2d_u2nd_
ee.png, id=57, 578.16pt x 433.62pt>
File: figures/p2d_u2nd_ee.png Graphic file (type png)

<use figures/p2d_u2nd_ee.png>
Package pdftex.def Info: figures/p2d_u2nd_ee.png used on input line 145.
(pdftex.def)             Requested size: 289.07928pt x 216.80946pt.

<figures/p2d_c2nd_cn.png, id=58, 578.16pt x 433.62pt>
File: figures/p2d_c2nd_cn.png Graphic file (type png)

<use figures/p2d_c2nd_cn.png>
Package pdftex.def Info: figures/p2d_c2nd_cn.png used on input line 151.
(pdftex.def)             Requested size: 289.07928pt x 216.80946pt.
 [8 <./figures/p2d_u1st_ee.png> <./figures/p2d_u2nd_cn.png>] <figures/p2d_c2nd_
ee.png, id=64, 578.16pt x 433.62pt>
File: figures/p2d_c2nd_ee.png Graphic file (type png)

<use figures/p2d_c2nd_ee.png>
Package pdftex.def Info: figures/p2d_c2nd_ee.png used on input line 157.
(pdftex.def)             Requested size: 289.07928pt x 216.80946pt.
 [9 <./figures/p2d_u2nd_ee.png> <./figures/p2d_c2nd_cn.png>] <figures/p2e_conto
urs_c2nd.png, id=70, 722.7pt x 722.7pt>
File: figures/p2e_contours_c2nd.png Graphic file (type png)

<use figures/p2e_contours_c2nd.png>
Package pdftex.def Info: figures/p2e_contours_c2nd.png used on input line 166.
(pdftex.def)             Requested size: 252.94878pt x 252.94878pt.

Underfull \hbox (badness 10000) in paragraph at lines 161--169

 []

<figures/p2e_contours_u2nd.png, id=71, 722.7pt x 722.7pt>
File: figures/p2e_contours_u2nd.png Graphic file (type png)

<use figures/p2e_contours_u2nd.png>
Package pdftex.def Info: figures/p2e_contours_u2nd.png used on input line 172.
(pdftex.def)             Requested size: 252.94878pt x 252.94878pt.

<figures/p2e_contours_u1st.png, id=72, 722.7pt x 722.7pt>
File: figures/p2e_contours_u1st.png Graphic file (type png)

<use figures/p2e_contours_u1st.png>
Package pdftex.def Info: figures/p2e_contours_u1st.png used on input line 178.
(pdftex.def)             Requested size: 252.94878pt x 252.94878pt.
 [10 <./figures/p2d_c2nd_ee.png> <./figures/p2e_contours_c2nd.png>] <figures/p3
a_ss.png, id=78, 578.16pt x 433.62pt>
File: figures/p3a_ss.png Graphic file (type png)

<use figures/p3a_ss.png>
Package pdftex.def Info: figures/p3a_ss.png used on input line 190.
(pdftex.def)             Requested size: 289.07928pt x 216.80946pt.

Underfull \hbox (badness 10000) in paragraph at lines 185--193

 []

[11 <./figures/p2e_contours_u2nd.png> <./figures/p2e_contours_u1st.png>]
<figures/p3a_change_c.png, id=84, 578.16pt x 433.62pt>
File: figures/p3a_change_c.png Graphic file (type png)

<use figures/p3a_change_c.png>
Package pdftex.def Info: figures/p3a_change_c.png used on input line 198.
(pdftex.def)             Requested size: 346.89867pt x 260.17401pt.

Underfull \hbox (badness 10000) in paragraph at lines 194--201

 []

[12 <./figures/p3a_ss.png>]
<figures/p3a_change_alpha.png, id=89, 578.16pt x 433.62pt>
File: figures/p3a_change_alpha.png Graphic file (type png)

<use figures/p3a_change_alpha.png>
Package pdftex.def Info: figures/p3a_change_alpha.png used on input line 206.
(pdftex.def)             Requested size: 346.89867pt x 260.17401pt.

Underfull \hbox (badness 10000) in paragraph at lines 202--209

 []

<figures/p3a_change_beta.png, id=90, 578.16pt x 433.62pt>
File: figures/p3a_change_beta.png Graphic file (type png)

<use figures/p3a_change_beta.png>
Package pdftex.def Info: figures/p3a_change_beta.png used on input line 214.
(pdftex.def)             Requested size: 289.07928pt x 216.80946pt.

Underfull \hbox (badness 10000) in paragraph at lines 210--217

 []

[13 <./figures/p3a_change_c.png> <./figures/p3a_change_alpha.png>]
<figures/p3a_change_w.png, id=97, 578.16pt x 433.62pt>
File: figures/p3a_change_w.png Graphic file (type png)

<use figures/p3a_change_w.png>
Package pdftex.def Info: figures/p3a_change_w.png used on input line 222.
(pdftex.def)             Requested size: 289.07928pt x 216.80946pt.

Underfull \hbox (badness 10000) in paragraph at lines 218--225

 []

<figures/p3a_change_a.png, id=98, 578.16pt x 433.62pt>
File: figures/p3a_change_a.png Graphic file (type png)

<use figures/p3a_change_a.png>
Package pdftex.def Info: figures/p3a_change_a.png used on input line 230.
(pdftex.def)             Requested size: 289.07928pt x 216.80946pt.

Underfull \hbox (badness 10000) in paragraph at lines 226--233

 []

[14 <./figures/p3a_change_beta.png> <./figures/p3a_change_w.png>]
<figures/p3b.png, id=104, 578.16pt x 433.62pt>
File: figures/p3b.png Graphic file (type png)
 <use figures/p3b.png>
Package pdftex.def Info: figures/p3b.png used on input line 250.
(pdftex.def)             Requested size: 375.79955pt x 281.84966pt.

Underfull \hbox (badness 10000) in paragraph at lines 234--253

 []


Underfull \hbox (badness 10000) in paragraph at lines 234--253

 []


Underfull \hbox (badness 10000) in paragraph at lines 234--253

 []


Underfull \hbox (badness 10000) in paragraph at lines 234--253

 []


Underfull \hbox (badness 10000) in paragraph at lines 234--253

 []


Underfull \hbox (badness 10000) in paragraph at lines 234--253

 []


Underfull \hbox (badness 10000) in paragraph at lines 234--253

 []

[15 <./figures/p3a_change_a.png>] [16 <./figures/p3b.png>] (./homework2.aux)

LaTeX Warning: There were multiply-defined labels.

 ) 
Here is how much of TeX's memory you used:
 5676 strings out of 493014
 84183 string characters out of 6133351
 163757 words of memory out of 5000000
 9115 multiletter control sequences out of 15000+600000
 12111 words of font info for 47 fonts, out of 8000000 for 9000
 1141 hyphenation exceptions out of 8191
 42i,7n,42p,395b,1355s stack positions out of 5000i,500n,10000p,200000b,80000s
</usr/local/texlive/2016/texmf-dist/fonts/type1/public/amsfonts/cm/cmbx12.pfb
></usr/local/texlive/2016/texmf-dist/fonts/type1/public/amsfonts/cm/cmmi12.pfb>
</usr/local/texlive/2016/texmf-dist/fonts/type1/public/amsfonts/cm/cmmi8.pfb></
usr/local/texlive/2016/texmf-dist/fonts/type1/public/amsfonts/cm/cmr12.pfb></us
r/local/texlive/2016/texmf-dist/fonts/type1/public/amsfonts/cm/cmr17.pfb></usr/
local/texlive/2016/texmf-dist/fonts/type1/public/amsfonts/cm/cmr6.pfb></usr/loc
al/texlive/2016/texmf-dist/fonts/type1/public/amsfonts/cm/cmr8.pfb></usr/local/
texlive/2016/texmf-dist/fonts/type1/public/amsfonts/cm/cmsy10.pfb></usr/local/t
exlive/2016/texmf-dist/fonts/type1/public/amsfonts/cm/cmsy8.pfb>
Output written on homework2.pdf (16 pages, 847221 bytes).
PDF statistics:
 143 PDF objects out of 1000 (max. 8388607)
 65 compressed objects within 1 object stream
 0 named destinations out of 1000 (max. 500000)
 126 words of extra memory for PDF output out of 10000 (max. 10000000)

